2026-02-22T14:58:22.7889093Z,Updating submodules.,3d9f5725-28e4-4bd2-906f-f3b829eaa2e0,0
2026-02-22T14:58:23.9093687Z,Preparing deployment for commit id '67ba44ac-e'.,e2ab2f65-b835-483e-93b4-2b975ff3e8a2,0
2026-02-22T14:58:24.2128961Z,PreDeployment: context.CleanOutputPath False,3ad465ea-8799-41fd-a93d-c94c03298e9c,0
2026-02-22T14:58:24.3276798Z,PreDeployment: context.OutputPath /home/site/wwwroot,ef2c1c29-f008-4f09-a085-0f581d080601,0
2026-02-22T14:58:24.4923691Z,Repository path is /tmp/zipdeploy/extracted,2cf56e7d-9ea9-4d33-9ee8-8d015c9990f9,0
2026-02-22T14:58:24.6235300Z,Running oryx build...,47d18a44-fbb5-4145-83e8-4c0f5fc6cae5,0
	2026-02-22T14:58:24.6266456Z,Command: oryx build /tmp/zipdeploy/extracted -o /home/site/wwwroot --platform nodejs --platform-version 20 -p virtualenv_name= --log-file /tmp/build-debug.log  -i /tmp/8de7222d3c4cfb1 -p compress_node_modules=tar-gz | tee /tmp/oryx-build.log,,0
	2026-02-22T14:58:27.3271240Z,Operation performed by Microsoft Oryx&comma; https://github.com/Microsoft/Oryx,,0
	2026-02-22T14:58:27.4276621Z,You can report issues at https://github.com/Microsoft/Oryx/issues,,0
	2026-02-22T14:58:27.4985720Z,,,0
	2026-02-22T14:58:27.5398952Z,Oryx Version: 0.2.20260204.1+0fdbe200b286be083841ff7fa201c6c2316dc6b9&comma; Commit: 0fdbe200b286be083841ff7fa201c6c2316dc6b9&comma; ReleaseTagName: 20260204.1,,0
	2026-02-22T14:58:27.5582799Z,,,0
	2026-02-22T14:58:27.6007145Z,Build Operation ID: eed14cbdd77064b7,,0
	2026-02-22T14:58:27.6297289Z,Repository Commit : 67ba44ac-e40d-4686-b35f-5c2f726a11cf,,0
	2026-02-22T14:58:27.6482114Z,OS Type           : bookworm,,0
	2026-02-22T14:58:27.6609782Z,Image Type        : githubactions,,0
	2026-02-22T14:58:27.6911805Z,,,0
	2026-02-22T14:58:27.7315972Z,Primary SDK Storage URL: https://oryx-cdn.microsoft.io,,0
	2026-02-22T14:58:27.8216863Z,Backup SDK Storage URL: ,,0
	2026-02-22T14:58:27.8917641Z,Detecting platforms...,,0
	2026-02-22T14:58:27.9411209Z,External SDK provider is enabled.,,0
	2026-02-22T14:58:28.6359430Z,Requesting metadata for platform nodejs from external SDK provider,,0
	2026-02-22T14:58:31.8762634Z,Requesting metadata for platform nodejs from external SDK provider,,0
	2026-02-22T14:58:34.2725728Z,Successfully requested blob for platform nodejs&comma; blobName defaultVersion.bookworm.txt&comma; available at /var/OryxSdks/nodejs/defaultVersion.bookworm.txt,,0
	2026-02-22T14:58:34.5445506Z,Requesting metadata for platform python from external SDK provider,,0
	2026-02-22T14:58:35.1593716Z,Requesting metadata for platform python from external SDK provider,,0
	2026-02-22T14:58:35.7415607Z,Successfully requested blob for platform python&comma; blobName defaultVersion.bookworm.txt&comma; available at /var/OryxSdks/python/defaultVersion.bookworm.txt,,0
	2026-02-22T14:58:35.7691668Z,Requesting metadata for platform python from external SDK provider,,0
	2026-02-22T14:58:36.0613826Z,Requesting metadata for platform python from external SDK provider,,0
	2026-02-22T14:58:36.4843741Z,Detected following platforms:,,0
	2026-02-22T14:58:36.5241520Z,  nodejs: 20.20.0,,0
	2026-02-22T14:58:36.5472759Z,  python: 3.8.18,,0
	2026-02-22T14:58:36.5629676Z,Requesting metadata for platform nodejs from external SDK provider,,0
	2026-02-22T14:58:39.6421060Z,Successfully requested blob for platform nodejs&comma; blobName nodejs-bookworm-20.20.0.tar.gz&comma; available at /var/OryxSdks/nodejs/nodejs-bookworm-20.20.0.tar.gz,,0
	2026-02-22T14:58:40.3634754Z,Version '20.20.0' of platform 'nodejs' is not installed. Generating script to install it...,,0
	2026-02-22T14:58:40.3938911Z,Requesting metadata for platform python from external SDK provider,,0
	2026-02-22T14:58:48.0547729Z,Successfully requested blob for platform python&comma; blobName python-bookworm-3.8.18.tar.gz&comma; available at /var/OryxSdks/python/python-bookworm-3.8.18.tar.gz,,0
	2026-02-22T14:58:48.6930020Z,Version '3.8.18' of platform 'python' is not installed. Generating script to install it...,,0
	2026-02-22T14:58:49.1062629Z,Detected the following frameworks: Typescript&comma;Next.js,,0
	2026-02-22T14:58:49.7370430Z,Warning: An outdated version of python was detected (3.8.18). Consider updating.\nVersions supported by Oryx: https://github.com/microsoft/Oryx,,0
	2026-02-22T14:58:49.7569113Z,,,0
	2026-02-22T14:58:49.7779073Z,,,0
	2026-02-22T14:58:50.0814295Z,Using intermediate directory '/tmp/8de7222d3c4cfb1'.,,0
	2026-02-22T14:58:50.1017024Z,,,0
	2026-02-22T14:58:50.1058084Z,Copying files to the intermediate directory...,,0
	2026-02-22T14:58:56.2443219Z,Copying files to intermediate directory done in 6 sec(s).,,0
	2026-02-22T14:58:56.3356420Z,,,0
	2026-02-22T14:58:56.3464821Z,Source directory     : /tmp/8de7222d3c4cfb1,,0
	2026-02-22T14:58:56.3654886Z,Destination directory: /home/site/wwwroot,,0
	2026-02-22T14:58:56.3874520Z,,,0
	2026-02-22T14:58:56.3964904Z,Installing platform...,,0
	2026-02-22T14:58:56.4550400Z,,,0
	2026-02-22T14:58:56.4940375Z,Downloading and extracting 'nodejs' version '20.20.0' to '/tmp/oryx/platforms/nodejs/20.20.0'...,,0
	2026-02-22T14:58:56.5042209Z,Detected image debian flavor: bookworm.,,0
	2026-02-22T14:58:56.5095413Z,Skipping download of nodejs version 20.20.0 as it is available in external sdk provider cache...,,0
	2026-02-22T14:58:56.5442805Z,Extracting contents...,,0
	2026-02-22T14:59:07.9248820Z,Successfully extracted nodejs version 20.20.0 from external sdk provider cache...,,0
	2026-02-22T14:59:07.9546965Z,,,0
	2026-02-22T14:59:07.9932130Z,,,0
	2026-02-22T14:59:08.0243175Z,Downloading and extracting 'python' version '3.8.18' to '/tmp/oryx/platforms/python/3.8.18'...,,0
	2026-02-22T14:59:08.0454895Z,Detected image debian flavor: bookworm.,,0
	2026-02-22T14:59:08.0960468Z,Skipping download of python version 3.8.18 as it is available in external sdk provider cache...,,0
	2026-02-22T14:59:08.1157745Z,Extracting contents...,,0
	2026-02-22T14:59:18.1867956Z,Successfully extracted python version 3.8.18 from external sdk provider cache...,,0
	2026-02-22T14:59:18.2458919Z,,,0
	2026-02-22T14:59:18.2854310Z,Platform installation done in 22 sec(s).,,0
	2026-02-22T14:59:18.8335067Z,Running build script snippets...,,0
	2026-02-22T14:59:18.8557871Z,Removing existing manifest file,,0
	2026-02-22T14:59:18.8937987Z,Creating directory for command manifest file if it does not exist,,0
	2026-02-22T14:59:18.9146677Z,Creating a manifest file...,,0
	2026-02-22T14:59:19.0754895Z,Node Build Command Manifest file created.,,0
	2026-02-22T14:59:19.1366786Z,,,0
	2026-02-22T14:59:19.1745825Z,Using Node version:,,0
	2026-02-22T14:59:19.2470868Z,v20.20.0,,0
	2026-02-22T14:59:19.2854917Z,,,0
	2026-02-22T14:59:19.3270104Z,Using Npm version:,,0
	2026-02-22T14:59:20.0939679Z,10.8.2,,0
	2026-02-22T14:59:20.1450813Z,,,0
	2026-02-22T14:59:20.1732268Z,Running 'npm install'...,,0
	2026-02-22T14:59:20.2156214Z,,,0
	2026-02-22T15:07:40.4881870Z,,,0
	2026-02-22T15:07:40.5985322Z,added 410 packages&comma; and audited 411 packages in 8m,,0
	2026-02-22T15:07:40.6604327Z,,,0
	2026-02-22T15:07:40.7008083Z,148 packages are looking for funding,,0
	2026-02-22T15:07:40.7495723Z,  run `npm fund` for details,,0
	2026-02-22T15:07:42.5188737Z,,,0
	2026-02-22T15:07:42.5609808Z,14 high severity vulnerabilities,,0
	2026-02-22T15:07:42.6011005Z,,,0
	2026-02-22T15:07:42.6594872Z,To address issues that do not require attention&comma; run:,,0
	2026-02-22T15:07:42.6788880Z,  npm audit fix,,0
	2026-02-22T15:07:42.7121593Z,,,0
	2026-02-22T15:07:42.7520460Z,npm notice,,1
	2026-02-22T15:07:42.7701390Z,To address all issues (including breaking changes)&comma; run:,,0
	2026-02-22T15:07:42.7892841Z,npm notice New major version of npm available! 10.8.2 -> 11.10.1,,1
	2026-02-22T15:07:42.7920389Z,  npm audit fix --force,,0
	2026-02-22T15:07:42.8123581Z,npm notice Changelog: https://github.com/npm/cli/releases/tag/v11.10.1,,1
	2026-02-22T15:07:42.8312989Z,,,0
	2026-02-22T15:07:42.8418070Z,npm notice To update run: npm install -g npm@11.10.1,,1
	2026-02-22T15:07:42.8523057Z,Run `npm audit` for details.,,0
	2026-02-22T15:07:42.8612839Z,npm notice,,1
	2026-02-22T15:07:43.2366278Z,,,0
	2026-02-22T15:07:43.2448701Z,Running 'npm run build'...,,0
	2026-02-22T15:07:43.2631056Z,,,0
	2026-02-22T15:07:44.2093414Z,,,0
	2026-02-22T15:07:44.2380514Z,> frontend@0.1.0 build,,0
	2026-02-22T15:07:44.2675261Z,> next build,,0
	2026-02-22T15:07:44.2902165Z,,,0
	2026-02-22T15:07:53.6139698Z,Attention: Next.js now collects completely anonymous telemetry regarding usage.,,0
	2026-02-22T15:07:53.6636002Z,This information is used to shape Next.js' roadmap and prioritize features.,,0
	2026-02-22T15:07:53.7221953Z,You can learn more&comma; including how to opt-out if you'd not like to participate in this anonymous program&comma; by visiting the following URL:,,0
	2026-02-22T15:07:53.7521986Z,https://nextjs.org/telemetry,,0
	2026-02-22T15:07:53.7736994Z,,,0
	2026-02-22T15:07:53.8148782Z,▲ Next.js 16.1.6 (Turbopack),,0
	2026-02-22T15:07:53.8831701Z,- Environments: .env.local,,0
	2026-02-22T15:07:53.9247454Z,,,0
	2026-02-22T15:07:54.6121480Z,  Creating an optimized production build ...,,0
	2026-02-22T15:09:32.5730998Z,✓ Compiled successfully in 93s,,0
	2026-02-22T15:09:32.8656241Z,  Running TypeScript ...,,0
	2026-02-22T15:10:04.4682589Z,  Collecting page data using 1 worker ...,,0
	2026-02-22T15:10:07.6612788Z,  Generating static pages using 1 worker (0/4) ...,,0
	2026-02-22T15:10:09.0524294Z,  Generating static pages using 1 worker (1/4) ,,0
	2026-02-22T15:10:09.1018247Z,  Generating static pages using 1 worker (2/4) ,,0
	2026-02-22T15:10:09.1314376Z,  Generating static pages using 1 worker (3/4) ,,0
	2026-02-22T15:10:09.1430342Z,✓ Generating static pages using 1 worker (4/4) in 1500.8ms,,0
	2026-02-22T15:10:09.2240247Z,  Finalizing page optimization ...,,0
	2026-02-22T15:10:09.2734205Z,,,0
	2026-02-22T15:10:09.3285620Z,Route (app),,0
	2026-02-22T15:10:09.3440595Z,┌ ○ /,,0
	2026-02-22T15:10:09.3588393Z,└ ○ /_not-found,,0
	2026-02-22T15:10:09.3658400Z,,,0
	2026-02-22T15:10:09.3752110Z,,,0
	2026-02-22T15:10:09.3778590Z,○  (Static)  prerendered as static content,,0
	2026-02-22T15:10:09.3826438Z,,,0
	2026-02-22T15:10:09.6868703Z,,,0
	2026-02-22T15:10:09.6995080Z,Zipping existing node_modules folder...,,0
	2026-02-22T15:12:48.9688833Z,Done in 159 sec(s).,,0
	2026-02-22T15:12:49.0286788Z,Build script snippets done in 810 sec(s).,,0
	2026-02-22T15:12:49.0479466Z,Preparing output...,,0
	2026-02-22T15:12:49.0697637Z,Using standard output preparation...,,0
	2026-02-22T15:12:49.1189622Z,,,0
	2026-02-22T15:12:49.1598488Z,Copying files to destination directory '/home/site/wwwroot'...,,0
	2026-02-22T15:12:59.4525800Z,Copying to destination directory done in 11 sec(s).,,0
	2026-02-22T15:12:59.5027009Z,Total time for destination directory preparation done in 11 sec(s).,,0
	2026-02-22T15:12:59.5399910Z,,,0
	2026-02-22T15:12:59.5593405Z,Removing existing manifest file,,0
	2026-02-22T15:12:59.5672015Z,Creating a manifest file...,,0
	2026-02-22T15:12:59.5880791Z,Manifest file created.,,0
	2026-02-22T15:12:59.6305565Z,Copying .ostype to manifest output directory.,,0
	2026-02-22T15:12:59.6709602Z,,,0
	2026-02-22T15:12:59.6829412Z,Total execution done in 850 sec(s).,,0
2026-02-22T15:13:02.4653657Z,Running post deployment command(s)...,9949bd7b-7cba-4081-8b21-8b350214a0bd,0
2026-02-22T15:13:02.6598497Z,,7d10d3ae-8532-417d-86cc-d749b8e97228,0
2026-02-22T15:13:02.8056420Z,Generating summary of Oryx build,f6ab6917-9172-4dd8-bef8-84d1ba0357d7,0
2026-02-22T15:13:02.9641820Z,Parsing the build logs,fb9cf7a7-a5a4-470e-ae17-9c6873984bd5,0
2026-02-22T15:13:03.2402327Z,Found 0 issue(s),73eee9ed-d4d0-42ab-97b7-2c3d90dac056,0
2026-02-22T15:13:03.3665343Z,,ee6cd26f-ea6a-4d6f-b371-81d21f5f8c9a,0
2026-02-22T15:13:03.4817536Z,Build Summary :,e181b770-39b1-41f1-a83b-046a091adf27,0
2026-02-22T15:13:03.6084597Z,===============,ddf6a22b-6b19-4b91-b8fd-05bb25864571,0
2026-02-22T15:13:03.7252039Z,Errors (0),40cb7073-4bc4-418d-9a7b-55d264021388,0
2026-02-22T15:13:03.8440012Z,Warnings (0),6ccc6716-d132-4cb6-9fa2-f1f54633b52a,0
2026-02-22T15:13:03.9669996Z,,7cfeb3c8-93ad-43cb-bf28-a8cbc5244b8d,0
2026-02-22T15:13:04.1769703Z,Triggering recycle (preview mode disabled).,ee472d7c-c97d-4c63-a16b-3c593d3031dc,0
2026-02-22T15:13:04.3959742Z,Deployment successful. deployer = Push-Deployer deploymentPath = ZipDeploy. Extract zip. Remote build.,8238cd3e-ec3f-40af-a33d-98e006fb6062,0
